<?xml version="1.0" encoding="UTF-8"?>
<testsuite xmlns:xsi="http://www.w3.org/2001/XMLSchema-instance" xsi:noNamespaceSchemaLocation="https://maven.apache.org/surefire/maven-surefire-plugin/xsd/surefire-test-report.xsd" name="com.cyberark.conjur.mulesoft.internal.ConjurMuleOperationsTest" time="0.073" tests="4" errors="0" skipped="0" failures="0">
  <properties>
[...]
</properties>
  <testcase name="testRetrieveSecret" classname="com.cyberark.conjur.mulesoft.internal.ConjurMuleOperationsTest" time="0.07"/>
  <testcase name="testRetrieveException" classname="com.cyberark.conjur.mulesoft.internal.ConjurMuleOperationsTest" time="0.001"/>
  <testcase name="testSecret" classname="com.cyberark.conjur.mulesoft.internal.ConjurMuleOperationsTest" time="0.001"/>
  <testcase name="testConstructor" classname="com.cyberark.conjur.mulesoft.internal.ConjurMuleOperationsTest" time="0"/>
</testsuite>